<?xml version="1.0" encoding="UTF-8"?>
<!-- Generated by org.testng.reporters.JUnitXMLReporter -->
<testsuite hostname="MeetVaria-PC" ignored="0" name="BankingApp Test" tests="2" failures="0" timestamp="28 May 2021 06:50:01 GMT" time="36.852" errors="0">
  <testcase name="loginTest" time="2.895" classname="com.inetbanking.testCases.TC_LoginTest_001"/>
  <testcase name="addNewCustomer" time="17.739" classname="com.inetbanking.testCases.TC_AddCustomerTest_003"/>
</testsuite> <!-- BankingApp Test -->
