<?xml version="1.0" encoding="UTF-8"?>
<testng-results skipped="0" failed="0" ignored="0" total="2" passed="2">
  <reporter-output>
  </reporter-output>
  <suite name="InetBankingV1" duration-ms="36852" started-at="2021-05-28T06:49:24Z" finished-at="2021-05-28T06:50:01Z">
    <groups>
    </groups>
    <test name="BankingApp Test" duration-ms="36852" started-at="2021-05-28T06:49:24Z" finished-at="2021-05-28T06:50:01Z">
      <class name="com.inetbanking.testCases.TC_LoginTest_001">
        <test-method status="PASS" signature="setup(java.lang.String)[pri:0, instance:com.inetbanking.testCases.TC_LoginTest_001@38082d64]" name="setup" is-config="true" duration-ms="7190" started-at="2021-05-28T06:49:24Z" finished-at="2021-05-28T06:49:31Z">
          <params>
            <param index="0">
              <value>
                <![CDATA[chrome]]>
              </value>
            </param>
          </params>
          <reporter-output>
          </reporter-output>
        </test-method> <!-- setup -->
        <test-method status="PASS" signature="loginTest()[pri:0, instance:com.inetbanking.testCases.TC_LoginTest_001@38082d64]" name="loginTest" duration-ms="2895" started-at="2021-05-28T06:49:31Z" finished-at="2021-05-28T06:49:34Z">
          <reporter-output>
          </reporter-output>
        </test-method> <!-- loginTest -->
        <test-method status="PASS" signature="teadDown()[pri:0, instance:com.inetbanking.testCases.TC_LoginTest_001@38082d64]" name="teadDown" is-config="true" duration-ms="1282" started-at="2021-05-28T06:49:34Z" finished-at="2021-05-28T06:49:36Z">
          <reporter-output>
          </reporter-output>
        </test-method> <!-- teadDown -->
      </class> <!-- com.inetbanking.testCases.TC_LoginTest_001 -->
      <class name="com.inetbanking.testCases.TC_AddCustomerTest_003">
        <test-method status="PASS" signature="setup(java.lang.String)[pri:0, instance:com.inetbanking.testCases.TC_AddCustomerTest_003@dfd3711]" name="setup" is-config="true" duration-ms="6635" started-at="2021-05-28T06:49:36Z" finished-at="2021-05-28T06:49:42Z">
          <params>
            <param index="0">
              <value>
                <![CDATA[chrome]]>
              </value>
            </param>
          </params>
          <reporter-output>
          </reporter-output>
        </test-method> <!-- setup -->
        <test-method status="PASS" signature="addNewCustomer()[pri:0, instance:com.inetbanking.testCases.TC_AddCustomerTest_003@dfd3711]" name="addNewCustomer" duration-ms="17739" started-at="2021-05-28T06:49:42Z" finished-at="2021-05-28T06:50:00Z">
          <reporter-output>
          </reporter-output>
        </test-method> <!-- addNewCustomer -->
        <test-method status="PASS" signature="teadDown()[pri:0, instance:com.inetbanking.testCases.TC_AddCustomerTest_003@dfd3711]" name="teadDown" is-config="true" duration-ms="749" started-at="2021-05-28T06:50:00Z" finished-at="2021-05-28T06:50:01Z">
          <reporter-output>
          </reporter-output>
        </test-method> <!-- teadDown -->
      </class> <!-- com.inetbanking.testCases.TC_AddCustomerTest_003 -->
    </test> <!-- BankingApp Test -->
  </suite> <!-- InetBankingV1 -->
</testng-results>
